<?xml version="1.0" encoding="UTF-8"?>
<!-- Generated by org.testng.reporters.JUnitReportReporter -->
<testsuite hostname="AMMU21515" failures="0" tests="1" name="Assignments.SoftAssert2" time="10.068" errors="0" timestamp="2024-05-04T08:24:35 IST" skipped="0">
  <testcase classname="Assignments.SoftAssert2" name="VerifyTableHeader" time="10.068"/>
  <system-out/>
</testsuite> <!-- Assignments.SoftAssert2 -->
