<?xml version="1.0" encoding="UTF-8"?>
<!-- Generated by org.testng.reporters.JUnitReportReporter -->
<testsuite hostname="AMMU21515" failures="0" tests="2" name="testngbasics.Basicannotation" time="0.026" errors="0" timestamp="2024-05-04T07:51:24 IST" skipped="0">
  <testcase classname="testngbasics.Basicannotation" name="TestCase1" time="0.021"/>
  <system-out/>
  <testcase classname="testngbasics.Basicannotation" name="TestCase2" time="0.005"/>
  <system-out/>
</testsuite> <!-- testngbasics.Basicannotation -->
