<?xml version="1.0" encoding="UTF-8"?>
<!-- Generated by org.testng.reporters.JUnitReportReporter -->
<testsuite hostname="AMMU21515" failures="0" tests="2" name="Assignments.Dataprovider6D" time="19.601" errors="0" timestamp="2024-05-02T20:14:16 IST" skipped="0">
  <testcase classname="Assignments.Dataprovider6D" name="VerifyTableHeader" time="10.694"/>
  <system-out/>
  <testcase classname="Assignments.Dataprovider6D" name="VerifyTableHeader" time="8.907"/>
  <system-out/>
</testsuite> <!-- Assignments.Dataprovider6D -->
