<?xml version="1.0" encoding="UTF-8"?>
<!-- Generated by org.testng.reporters.JUnitReportReporter -->
<testsuite hostname="AMMU21515" failures="0" tests="3" name="testngbasics.BasicTestCases" time="9.786" errors="0" timestamp="2024-05-04T08:29:54 IST" skipped="0">
  <testcase classname="testngbasics.BasicTestCases" name="VerifyChcekboxHeader" time="3.779"/>
  <system-out/>
  <testcase classname="testngbasics.BasicTestCases" name="VerifyChcekboxDisply" time="3.121"/>
  <system-out/>
  <testcase classname="testngbasics.BasicTestCases" name="Verifymultiplecheckbox" time="2.886"/>
  <system-out/>
</testsuite> <!-- testngbasics.BasicTestCases -->
