<?xml version="1.0" encoding="UTF-8"?>
<!-- Generated by org.testng.reporters.JUnitReportReporter -->
<testsuite hostname="AMMU21515" failures="0" tests="2" name="testngbasics.DataproviderExample" time="18.591" errors="0" timestamp="2024-05-01T21:43:14 IST" skipped="0">
  <testcase classname="testngbasics.DataproviderExample" name="VerifyFacebooklogin" time="8.718"/>
  <system-out/>
  <testcase classname="testngbasics.DataproviderExample" name="VerifyFacebooklogin" time="9.873"/>
  <system-out/>
</testsuite> <!-- testngbasics.DataproviderExample -->
