<?xml version="1.0" encoding="UTF-8"?>
<!-- Generated by org.testng.reporters.JUnitReportReporter -->
<testsuite hostname="AMMU21515" failures="0" tests="4" name="Assignments.DataProviderSearch" time="35.031" errors="0" timestamp="2024-05-02T20:23:51 IST" skipped="0">
  <testcase classname="Assignments.DataProviderSearch" name="VerifyTableHeader" time="8.480"/>
  <system-out/>
  <testcase classname="Assignments.DataProviderSearch" name="VerifyTableHeader" time="8.530"/>
  <system-out/>
  <testcase classname="Assignments.DataProviderSearch" name="VerifyTableHeader" time="8.447"/>
  <system-out/>
  <testcase classname="Assignments.DataProviderSearch" name="VerifyTableHeader" time="9.574"/>
  <system-out/>
</testsuite> <!-- Assignments.DataProviderSearch -->
