<?xml version="1.0" encoding="UTF-8"?>
<!-- Generated by org.testng.reporters.JUnitReportReporter -->
<testsuite hostname="AMMU21515" failures="0" tests="1" name="Assignments.Assignmenttestngbasics" time="4.419" errors="0" timestamp="2024-05-01T14:58:23 IST" skipped="0">
  <testcase classname="Assignments.Assignmenttestngbasics" name="verifyMsg" time="4.419"/>
  <system-out/>
</testsuite> <!-- Assignments.Assignmenttestngbasics -->
