<?xml version="1.0" encoding="UTF-8"?>
<!-- Generated by org.testng.reporters.JUnitReportReporter -->
<testsuite hostname="AMMU21515" failures="0" tests="2" name="testngbasics.NormalTestCase" time="14.395" errors="0" timestamp="2024-05-04T07:51:24 IST" skipped="0">
  <testcase classname="testngbasics.NormalTestCase" name="verifyurl" time="7.849"/>
  <system-out/>
  <testcase classname="testngbasics.NormalTestCase" name="verifyAmazonTitle" time="6.546"/>
  <system-out/>
</testsuite> <!-- testngbasics.NormalTestCase -->
