<?xml version="1.0" encoding="UTF-8"?>
<!-- Generated by org.testng.reporters.JUnitReportReporter -->
<testsuite hostname="AMMU21515" failures="0" tests="1" name="Assignments.SoftAssertAssignment" time="3.381" errors="0" timestamp="2024-05-02T14:03:06 IST" skipped="0">
  <testcase classname="Assignments.SoftAssertAssignment" name="verifybootstrap" time="3.381"/>
  <system-out/>
</testsuite> <!-- Assignments.SoftAssertAssignment -->
